
Showing logs for build [32mcb-kubecd-environment-pr-106-11-qjdpw-1[0m stage [32mfrom-build-pack[0m and container [32mstep-credential-initializer-brwz4[0m
{"level":"warn","ts":1576028854.9235616,"logger":"fallback-logger","caller":"logging/config.go:69","msg":"Fetch GitHub commit ID from kodata failed: \"ref: refs/heads/master\" is not a valid GitHub commit ID"}
{"level":"info","ts":1576028854.9241488,"logger":"fallback-logger","caller":"creds-init/main.go:40","msg":"Credentials initialized."}

Showing logs for build [32mcb-kubecd-environment-pr-106-11-qjdpw-1[0m stage [32mfrom-build-pack[0m and container [32mstep-working-dir-initializer-sqtsk[0m
{"level":"warn","ts":1576028856.332096,"logger":"fallback-logger","caller":"logging/config.go:69","msg":"Fetch GitHub commit ID from kodata failed: open /var/run/ko/HEAD: no such file or directory"}
{"level":"info","ts":1576028856.336729,"logger":"fallback-logger","caller":"bash/main.go:65","msg":"Successfully executed command \"mkdir -p /workspace/source\""}

Showing logs for build [32mcb-kubecd-environment-pr-106-11-qjdpw-1[0m stage [32mfrom-build-pack[0m and container [32mstep-place-tools[0m

Showing logs for build [32mcb-kubecd-environment-pr-106-11-qjdpw-1[0m stage [32mfrom-build-pack[0m and container [32mstep-git-source-cb-kubecd-environment-pr-106-11-6nc49[0m
{"level":"warn","ts":1576028862.5490935,"logger":"fallback-logger","caller":"logging/config.go:69","msg":"Fetch GitHub commit ID from kodata failed: \"ref: refs/heads/master\" is not a valid GitHub commit ID"}
{"level":"info","ts":1576028863.674669,"logger":"fallback-logger","caller":"git/git.go:102","msg":"Successfully cloned https://github.com/cb-kubecd/environment-pr-106-11-boot-gke-staging.git @ master in path /workspace/source"}

Showing logs for build [32mcb-kubecd-environment-pr-106-11-qjdpw-1[0m stage [32mfrom-build-pack[0m and container [32mstep-git-merge[0m
Using SHAs from PULL_REFS=master:ee97609b066ab1f11385204fa9a82425b958c02d,7:b5084aa9a9d86d9e317a855157596737d3654ec6
DEBUG: ran git fetch --unshallow origin b5084aa9a9d86d9e317a855157596737d3654ec6: ee97609b066ab1f11385204fa9a82425b958c02d: in 
DEBUG: ran git checkout master in 
DEBUG: ran git reset --hard ee97609b066ab1f11385204fa9a82425b958c02d in 
DEBUG: ran clean --force -d . in 
DEBUG: ran git merge b5084aa9a9d86d9e317a855157596737d3654ec6 in 
Merged SHA b5084aa9a9d86d9e317a855157596737d3654ec6 with commit message 'chore: Promote bdd-ghf**y-import-1576027598 to version 0.0.1' into base branch master

Showing logs for build [32mcb-kubecd-environment-pr-106-11-qjdpw-1[0m stage [32mfrom-build-pack[0m and container [32mstep-build-helm-build[0m
WARNING: No $CHART_REPOSITORY defined so using the default value of: http://jenkins-x-chartmuseum:8080
Adding missing Helm repo: storage.googleapis.com https://storage.googleapis.com/chartmuseum.jenkins-x.io
WARNING: No secrets found on "helm/repos" due: reading the secret "helm/repos" from vault: no secret "helm/repos" not found in vault
Read credentials for https://storage.googleapis.com/chartmuseum.jenkins-x.io from vault helm/repos
Successfully added Helm repository storage.googleapis.com.
Adding missing Helm repo: jenkins-x-chartmuseum http://jenkins-x-chartmuseum:8080
WARNING: No secrets found on "helm/repos" due: reading the secret "helm/repos" from vault: no secret "helm/repos" not found in vault
Read credentials for http://jenkins-x-chartmuseum:8080 from vault helm/repos
Successfully added Helm repository jenkins-x-chartmuseum.
WARNING: No $CHART_REPOSITORY defined so using the default value of: http://jenkins-x-chartmuseum:8080
Adding missing Helm repo: chartmuseum.jenkins-x.io http://chartmuseum.jenkins-x.io
WARNING: No secrets found on "helm/repos" due: reading the secret "helm/repos" from vault: no secret "helm/repos" not found in vault
Read credentials for http://chartmuseum.jenkins-x.io from vault helm/repos
Successfully added Helm repository chartmuseum.jenkins-x.io.
