
Showing logs for build [32mcb-kubecd-environment-pr-106-11-jznhh-1[0m stage [32mfrom-build-pack[0m and container [32mstep-credential-initializer-hd26r[0m
{"level":"warn","ts":1576026332.6416183,"logger":"fallback-logger","caller":"logging/config.go:69","msg":"Fetch GitHub commit ID from kodata failed: \"ref: refs/heads/master\" is not a valid GitHub commit ID"}
{"level":"info","ts":1576026332.6433942,"logger":"fallback-logger","caller":"creds-init/main.go:40","msg":"Credentials initialized."}

Showing logs for build [32mcb-kubecd-environment-pr-106-11-jznhh-1[0m stage [32mfrom-build-pack[0m and container [32mstep-working-dir-initializer-5dhld[0m
{"level":"warn","ts":1576026333.761757,"logger":"fallback-logger","caller":"logging/config.go:69","msg":"Fetch GitHub commit ID from kodata failed: open /var/run/ko/HEAD: no such file or directory"}
{"level":"info","ts":1576026333.76801,"logger":"fallback-logger","caller":"bash/main.go:65","msg":"Successfully executed command \"mkdir -p /workspace/source\""}

Showing logs for build [32mcb-kubecd-environment-pr-106-11-jznhh-1[0m stage [32mfrom-build-pack[0m and container [32mstep-place-tools[0m

Showing logs for build [32mcb-kubecd-environment-pr-106-11-jznhh-1[0m stage [32mfrom-build-pack[0m and container [32mstep-git-source-cb-kubecd-environment-pr-106-11-cr66z[0m
{"level":"warn","ts":1576026338.9154098,"logger":"fallback-logger","caller":"logging/config.go:69","msg":"Fetch GitHub commit ID from kodata failed: \"ref: refs/heads/master\" is not a valid GitHub commit ID"}
{"level":"info","ts":1576026340.1386573,"logger":"fallback-logger","caller":"git/git.go:102","msg":"Successfully cloned https://github.com/cb-kubecd/environment-pr-106-11-boot-gke-staging.git @ master in path /workspace/source"}

Showing logs for build [32mcb-kubecd-environment-pr-106-11-jznhh-1[0m stage [32mfrom-build-pack[0m and container [32mstep-git-merge[0m
Using SHAs from PULL_REFS=master:cf85c53a5c46de8d2fcb92fee304ca5a1ba58c9a,3:dcb0eb7ae8de32ddbd994327aa1c2c73c5d47eab
DEBUG: ran git fetch --unshallow origin dcb0eb7ae8de32ddbd994327aa1c2c73c5d47eab: cf85c53a5c46de8d2fcb92fee304ca5a1ba58c9a: in 
DEBUG: ran git checkout master in 
DEBUG: ran git reset --hard cf85c53a5c46de8d2fcb92fee304ca5a1ba58c9a in 
DEBUG: ran clean --force -d . in 
DEBUG: ran git merge dcb0eb7ae8de32ddbd994327aa1c2c73c5d47eab in 
Merged SHA dcb0eb7ae8de32ddbd994327aa1c2c73c5d47eab with commit message 'chore: Promote bdd-sbhg-1576025381 to version 0.0.1' into base branch master

Showing logs for build [32mcb-kubecd-environment-pr-106-11-jznhh-1[0m stage [32mfrom-build-pack[0m and container [32mstep-build-helm-build[0m
WARNING: No $CHART_REPOSITORY defined so using the default value of: http://jenkins-x-chartmuseum:8080
Adding missing Helm repo: storage.googleapis.com https://storage.googleapis.com/chartmuseum.jenkins-x.io
WARNING: No secrets found on "helm/repos" due: reading the secret "helm/repos" from vault: no secret "helm/repos" not found in vault
Read credentials for https://storage.googleapis.com/chartmuseum.jenkins-x.io from vault helm/repos
Successfully added Helm repository storage.googleapis.com.
Adding missing Helm repo: jenkins-x-chartmuseum http://jenkins-x-chartmuseum:8080
WARNING: No secrets found on "helm/repos" due: reading the secret "helm/repos" from vault: no secret "helm/repos" not found in vault
Read credentials for http://jenkins-x-chartmuseum:8080 from vault helm/repos
Successfully added Helm repository jenkins-x-chartmuseum.
WARNING: No $CHART_REPOSITORY defined so using the default value of: http://jenkins-x-chartmuseum:8080
Adding missing Helm repo: chartmuseum.jenkins-x.io http://chartmuseum.jenkins-x.io
WARNING: No secrets found on "helm/repos" due: reading the secret "helm/repos" from vault: no secret "helm/repos" not found in vault
Read credentials for http://chartmuseum.jenkins-x.io from vault helm/repos
Successfully added Helm repository chartmuseum.jenkins-x.io.
