
Showing logs for build [32mcb-kubecd-environment-pr-106-11-7dg52-1[0m stage [32mfrom-build-pack[0m and container [32mstep-credential-initializer-sn2kt[0m
{"level":"warn","ts":1576028353.1375034,"logger":"fallback-logger","caller":"logging/config.go:69","msg":"Fetch GitHub commit ID from kodata failed: \"ref: refs/heads/master\" is not a valid GitHub commit ID"}
{"level":"info","ts":1576028353.1382635,"logger":"fallback-logger","caller":"creds-init/main.go:40","msg":"Credentials initialized."}

Showing logs for build [32mcb-kubecd-environment-pr-106-11-7dg52-1[0m stage [32mfrom-build-pack[0m and container [32mstep-working-dir-initializer-cg48v[0m
{"level":"warn","ts":1576028354.6204956,"logger":"fallback-logger","caller":"logging/config.go:69","msg":"Fetch GitHub commit ID from kodata failed: open /var/run/ko/HEAD: no such file or directory"}
{"level":"info","ts":1576028354.6277456,"logger":"fallback-logger","caller":"bash/main.go:65","msg":"Successfully executed command \"mkdir -p /workspace/source\""}

Showing logs for build [32mcb-kubecd-environment-pr-106-11-7dg52-1[0m stage [32mfrom-build-pack[0m and container [32mstep-place-tools[0m

Showing logs for build [32mcb-kubecd-environment-pr-106-11-7dg52-1[0m stage [32mfrom-build-pack[0m and container [32mstep-git-source-cb-kubecd-environment-pr-106-11-qgxzb[0m
{"level":"warn","ts":1576028360.906417,"logger":"fallback-logger","caller":"logging/config.go:69","msg":"Fetch GitHub commit ID from kodata failed: \"ref: refs/heads/master\" is not a valid GitHub commit ID"}
{"level":"info","ts":1576028362.1701527,"logger":"fallback-logger","caller":"git/git.go:102","msg":"Successfully cloned https://github.com/cb-kubecd/environment-pr-106-11-boot-gke-staging.git @ master in path /workspace/source"}

Showing logs for build [32mcb-kubecd-environment-pr-106-11-7dg52-1[0m stage [32mfrom-build-pack[0m and container [32mstep-git-merge[0m
Using SHAs from PULL_REFS=master:0976ba605756c7ed656031caead96de7f6a6b3a5,6:a0499fc6c0493f1c3eb9f16e0740cc6e0eb4bb2b
DEBUG: ran git fetch --unshallow origin a0499fc6c0493f1c3eb9f16e0740cc6e0eb4bb2b: 0976ba605756c7ed656031caead96de7f6a6b3a5: in 
DEBUG: ran git checkout master in 
DEBUG: ran git reset --hard 0976ba605756c7ed656031caead96de7f6a6b3a5 in 
DEBUG: ran clean --force -d . in 
DEBUG: ran git merge a0499fc6c0493f1c3eb9f16e0740cc6e0eb4bb2b in 
Merged SHA a0499fc6c0493f1c3eb9f16e0740cc6e0eb4bb2b with commit message 'chore: Promote bdd-sbhg-import-1576027598 to version 0.0.1' into base branch master

Showing logs for build [32mcb-kubecd-environment-pr-106-11-7dg52-1[0m stage [32mfrom-build-pack[0m and container [32mstep-build-helm-build[0m
WARNING: No $CHART_REPOSITORY defined so using the default value of: http://jenkins-x-chartmuseum:8080
Adding missing Helm repo: storage.googleapis.com https://storage.googleapis.com/chartmuseum.jenkins-x.io
WARNING: No secrets found on "helm/repos" due: reading the secret "helm/repos" from vault: no secret "helm/repos" not found in vault
Read credentials for https://storage.googleapis.com/chartmuseum.jenkins-x.io from vault helm/repos
Successfully added Helm repository storage.googleapis.com.
Adding missing Helm repo: jenkins-x-chartmuseum http://jenkins-x-chartmuseum:8080
WARNING: No secrets found on "helm/repos" due: reading the secret "helm/repos" from vault: no secret "helm/repos" not found in vault
Read credentials for http://jenkins-x-chartmuseum:8080 from vault helm/repos
Successfully added Helm repository jenkins-x-chartmuseum.
WARNING: No $CHART_REPOSITORY defined so using the default value of: http://jenkins-x-chartmuseum:8080
Adding missing Helm repo: chartmuseum.jenkins-x.io http://chartmuseum.jenkins-x.io
WARNING: No secrets found on "helm/repos" due: reading the secret "helm/repos" from vault: no secret "helm/repos" not found in vault
Read credentials for http://chartmuseum.jenkins-x.io from vault helm/repos
Successfully added Helm repository chartmuseum.jenkins-x.io.
