
Showing logs for build [32mcb-kubecd-environment-pr-106-11-t54bq-1[0m stage [32mfrom-build-pack[0m and container [32mstep-credential-initializer-7bvcw[0m
{"level":"warn","ts":1576025556.612287,"logger":"fallback-logger","caller":"logging/config.go:69","msg":"Fetch GitHub commit ID from kodata failed: \"ref: refs/heads/master\" is not a valid GitHub commit ID"}
{"level":"info","ts":1576025556.6130106,"logger":"fallback-logger","caller":"creds-init/main.go:40","msg":"Credentials initialized."}

Showing logs for build [32mcb-kubecd-environment-pr-106-11-t54bq-1[0m stage [32mfrom-build-pack[0m and container [32mstep-working-dir-initializer-drxmt[0m
{"level":"warn","ts":1576025557.541573,"logger":"fallback-logger","caller":"logging/config.go:69","msg":"Fetch GitHub commit ID from kodata failed: open /var/run/ko/HEAD: no such file or directory"}
{"level":"info","ts":1576025557.5536518,"logger":"fallback-logger","caller":"bash/main.go:65","msg":"Successfully executed command \"mkdir -p /workspace/source\""}

Showing logs for build [32mcb-kubecd-environment-pr-106-11-t54bq-1[0m stage [32mfrom-build-pack[0m and container [32mstep-place-tools[0m

Showing logs for build [32mcb-kubecd-environment-pr-106-11-t54bq-1[0m stage [32mfrom-build-pack[0m and container [32mstep-git-source-cb-kubecd-environment-pr-106-11-gx9bj[0m
{"level":"warn","ts":1576025564.1510441,"logger":"fallback-logger","caller":"logging/config.go:69","msg":"Fetch GitHub commit ID from kodata failed: \"ref: refs/heads/master\" is not a valid GitHub commit ID"}
{"level":"info","ts":1576025565.286168,"logger":"fallback-logger","caller":"git/git.go:102","msg":"Successfully cloned https://github.com/cb-kubecd/environment-pr-106-11-boot-gke-staging.git @ master in path /workspace/source"}

Showing logs for build [32mcb-kubecd-environment-pr-106-11-t54bq-1[0m stage [32mfrom-build-pack[0m and container [32mstep-git-merge[0m
Using SHAs from PULL_REFS=master:420f8df511ee13ff003bdfeedac6c0194731bac3,2:dd4a487aa7090febcdd68505982852aed2c270b8
DEBUG: ran git fetch --unshallow origin dd4a487aa7090febcdd68505982852aed2c270b8: 420f8df511ee13ff003bdfeedac6c0194731bac3: in 
DEBUG: ran git checkout master in 
DEBUG: ran git reset --hard 420f8df511ee13ff003bdfeedac6c0194731bac3 in 
DEBUG: ran clean --force -d . in 
DEBUG: ran git merge dd4a487aa7090febcdd68505982852aed2c270b8 in 
Merged SHA dd4a487aa7090febcdd68505982852aed2c270b8 with commit message 'chore: Promote bdd-nh-1576025381 to version 0.0.1' into base branch master

Showing logs for build [32mcb-kubecd-environment-pr-106-11-t54bq-1[0m stage [32mfrom-build-pack[0m and container [32mstep-build-helm-build[0m
WARNING: No $CHART_REPOSITORY defined so using the default value of: http://jenkins-x-chartmuseum:8080
Adding missing Helm repo: storage.googleapis.com https://storage.googleapis.com/chartmuseum.jenkins-x.io
WARNING: No secrets found on "helm/repos" due: reading the secret "helm/repos" from vault: no secret "helm/repos" not found in vault
Read credentials for https://storage.googleapis.com/chartmuseum.jenkins-x.io from vault helm/repos
Successfully added Helm repository storage.googleapis.com.
Adding missing Helm repo: jenkins-x-chartmuseum http://jenkins-x-chartmuseum:8080
WARNING: No secrets found on "helm/repos" due: reading the secret "helm/repos" from vault: no secret "helm/repos" not found in vault
Read credentials for http://jenkins-x-chartmuseum:8080 from vault helm/repos
Successfully added Helm repository jenkins-x-chartmuseum.
WARNING: No $CHART_REPOSITORY defined so using the default value of: http://jenkins-x-chartmuseum:8080
Adding missing Helm repo: chartmuseum.jenkins-x.io http://chartmuseum.jenkins-x.io
WARNING: No secrets found on "helm/repos" due: reading the secret "helm/repos" from vault: no secret "helm/repos" not found in vault
Read credentials for http://chartmuseum.jenkins-x.io from vault helm/repos
Successfully added Helm repository chartmuseum.jenkins-x.io.
